{
  "RSpec": {
    "coverage": {
      "/Users/scooter/code/ruby/libs/geogit-ruby/lib/geogit/commands/import_shapefile.rb": [
        1,
        1,
        1,
        1,
        1,
        null,
        1,
        1,
        null,
        1,
        1,
        1,
        1,
        1,
        1,
        null,
        null,
        1,
        1,
        null,
        1,
        1,
        null,
        null,
        null,
        null,
        null,
        null,
        null,
        1,
        null,
        0,
        0,
        null,
        null,
        null,
        1,
        1,
        null,
        1,
        1,
        null,
        1,
        1,
        null,
        null,
        null,
        null,
        null,
        null,
        null,
        null,
        null,
        1,
        null,
        0,
        null,
        1,
        null,
        null,
        null,
        1
      ],
      "/Users/scooter/code/ruby/libs/geogit-ruby/lib/geogit/commands/init.rb": [
        1,
        1,
        1,
        1,
        2,
        null,
        null,
        1,
        2,
        2,
        2,
        null,
        2
      ],
      "/Users/scooter/code/ruby/libs/geogit-ruby/spec/init_spec.rb": [
        1,
        1,
        1,
        null,
        1,
        null,
        1,
        1,
        null,
        null,
        1,
        1,
        null,
        null,
        1,
        1,
        1,
        1
      ],
      "/Users/scooter/code/ruby/libs/geogit-ruby/lib/geogit/geogit.rb": [
        1,
        1,
        1,
        1,
        1,
        1,
        1,
        null,
        1,
        1,
        1,
        null,
        1,
        4,
        4,
        4,
        null,
        null,
        1,
        0,
        0,
        null,
        null,
        null,
        null,
        null,
        0,
        null,
        null,
        null,
        1,
        1,
        8,
        8,
        null,
        null,
        1,
        1,
        4,
        4,
        4,
        4,
        4,
        4,
        null,
        0
      ],
      "/Users/scooter/code/ruby/libs/geogit-ruby/lib/geogit.rb": [
        1,
        null,
        1,
        1,
        null,
        108,
        null,
        1,
        1,
        1,
        1,
        1,
        1,
        1,
        1,
        1,
        null,
        0,
        null,
        null,
        1,
        1,
        1,
        0,
        null,
        0,
        0,
        null,
        null,
        0,
        null,
        null,
        1,
        0,
        null,
        0,
        0,
        null,
        0,
        0,
        0,
        null,
        null,
        null,
        null,
        1,
        0,
        0,
        null,
        null,
        1,
        0,
        0
      ],
      "/Users/scooter/code/ruby/libs/geogit-ruby/lib/geogit/commands/tree.rb": [
        1,
        null,
        1,
        1,
        1,
        1,
        1,
        1,
        null,
        null,
        1,
        1,
        null,
        1,
        null,
        null,
        null,
        1,
        null,
        50,
        null,
        1
      ],
      "/Users/scooter/code/ruby/libs/geogit-ruby/lib/geogit/commands/commit.rb": [
        1,
        1,
        1,
        1,
        null,
        1,
        1,
        1,
        1,
        null,
        0,
        0,
        0,
        0,
        null,
        null,
        1,
        0,
        0,
        0,
        null,
        0,
        null,
        null,
        null,
        null,
        null,
        null,
        null,
        null,
        null,
        null,
        null,
        null,
        0,
        null,
        0,
        null,
        null,
        null,
        null,
        null,
        0,
        0,
        null,
        null,
        0,
        null,
        0
      ],
      "/Users/scooter/code/ruby/libs/geogit-ruby/lib/geogit/commands/generic_command.rb": [
        1,
        1,
        1,
        1
      ],
      "/Users/scooter/code/ruby/libs/geogit-ruby/lib/geogit/commands/log.rb": [
        1,
        null,
        1,
        1,
        1,
        1,
        0,
        0,
        0,
        0,
        null,
        null,
        1,
        0,
        0,
        null,
        0,
        null,
        0,
        0,
        null,
        0,
        null,
        0,
        0,
        0,
        null,
        null,
        null,
        0,
        null,
        0,
        null,
        null,
        1,
        1,
        0,
        0
      ],
      "/Users/scooter/code/ruby/libs/geogit-ruby/lib/geogit/commands/import_geojson.rb": [
        1,
        1,
        1,
        1,
        1,
        1,
        1,
        1,
        null,
        1,
        null,
        1,
        1,
        1,
        1,
        0,
        0,
        null,
        null,
        1,
        null,
        0,
        0,
        null,
        null,
        1,
        0,
        null,
        0,
        null,
        0,
        null,
        null,
        0,
        0,
        null,
        null,
        1,
        0,
        null,
        0,
        null,
        0,
        0,
        null,
        null,
        null,
        null,
        null,
        null,
        null,
        null,
        null,
        0,
        null,
        0,
        null,
        0,
        null,
        null,
        0
      ],
      "/Users/scooter/code/ruby/libs/geogit-ruby/lib/geogit/commands/add.rb": [
        1,
        1,
        1,
        null,
        1,
        1,
        1,
        1,
        0,
        0,
        0,
        null,
        null,
        1,
        0,
        null,
        0,
        0,
        null,
        0,
        null,
        0,
        null,
        0,
        0,
        null,
        0,
        0,
        null,
        0,
        0,
        0,
        null,
        null,
        0
      ]
    },
    "timestamp": 1389424114
  }
}
